This file contains any messages produced by compilers while
running configure, to aid debugging if configure makes a mistake.

It was created by libsecp256k1 configure 0.1, which was
generated by GNU Autoconf 2.68.  Invocation command line was

  $ ./configure 

## --------- ##
## Platform. ##
## --------- ##

hostname = Prosperous-HP
uname -m = i686
uname -r = 1.0.18(0.48/3/2)
uname -s = MINGW32_NT-6.1
uname -v = 2012-11-21 22:34

/usr/bin/uname -p = unknown
/bin/uname -X     = unknown

/bin/arch              = unknown
/usr/bin/arch -k       = unknown
/usr/convex/getsysinfo = unknown
/usr/bin/hostinfo      = unknown
/bin/machine           = unknown
/usr/bin/oslevel       = unknown
/bin/universe          = unknown

PATH: .
PATH: /usr/local/bin
PATH: /mingw/bin
PATH: /bin
PATH: /c/ProgramData/Oracle/Java/javapath
PATH: /c/Program Files/Common Files/Microsoft Shared/Windows Live
PATH: /c/Program Files (x86)/Common Files/Microsoft Shared/Windows Live
PATH: /c/qtbase/bin
PATH: /mingw/i686-w64-mingw32/bin
PATH: /mingw/bin
PATH: /c/Python33
PATH: /c/Perl64/site/bin
PATH: /c/Perl64/bin
PATH: /c/Program Files (x86)/HP SimplePass 2011/x64
PATH: /c/Program Files (x86)/HP SimplePass 2011/
PATH: /c/Windows/system32
PATH: /c/Windows
PATH: /c/Windows/System32/Wbem
PATH: /c/Windows/System32/WindowsPowerShell/v1.0/
PATH: /c/Program Files (x86)/Windows Live/Shared
PATH: /c/Program Files (x86)/ATI Technologies/ATI.ACE/Core-Static
PATH: /c/Program Files/jEdit
PATH: /c/Program Files (x86)/PDFtk/bin/
PATH: /c/Program Files/Microsoft Windows Performance Toolkit/
PATH: /c/Program Files/VisioForge/VisioForge SDKs .Net TRIAL x64 .Net 4.0/Redist/FFMPEG/
PATH: /c/Program Files/VisioForge/VisioForge SDKs .Net TRIAL x64 .Net 4.0/Redist/DotNet/4.0/
PATH: /c/Program Files/VisioForge/VisioForge SDKs .Net TRIAL x64 .Net 4.0/Redist/DotNet/4.0/x64/
PATH: /c/Program Files/VisioForge/VisioForge SDKs .Net TRIAL x64 .Net 4.0/Redist/VLC/
PATH: /c/Program Files/VisioForge/VisioForge SDKs .Net TRIAL x64 .Net 4.0/Redist/Filters/
PATH: /c/Program Files/VisioForge/VisioForge SDKs .Net TRIAL x64 .Net 4.0/Redist/XIPH/
PATH: /c/Program Files (x86)/Skype/Phone/
PATH: /c/Program Files (x86)/QuickTime/QTSystem/
PATH: /c/Program Files (x86)/Microsoft Visual Studio/VC98/bin
PATH: /c/Program Files (x86)/Microsoft Visual Studio/Common/Tools/WinNT
PATH: /c/Program Files (x86)/Microsoft Visual Studio/Common/MSDev98/Bin
PATH: /c/Program Files (x86)/Microsoft Visual Studio/Common/Tools
PATH: /c/Program Files (x86)/VisioForge/Video Recorder/


## ----------- ##
## Core tests. ##
## ----------- ##

configure:2323: checking build system type
configure:2337: result: i686-pc-mingw32
configure:2357: checking host system type
configure:2370: result: i686-pc-mingw32
configure:2409: checking for a BSD-compatible install
configure:2477: result: /bin/install -c
configure:2488: checking whether build environment is sane
configure:2538: result: yes
configure:2679: checking for a thread-safe mkdir -p
configure:2718: result: /bin/mkdir -p
configure:2731: checking for gawk
configure:2747: found /bin/gawk
configure:2758: result: gawk
configure:2769: checking whether make sets $(MAKE)
configure:2791: result: yes
configure:2917: checking how to print strings
configure:2944: result: printf
configure:2977: checking for style of include used by make
configure:3005: result: GNU
configure:3075: checking for gcc
configure:3091: found /mingw/bin/gcc
configure:3102: result: gcc
configure:3331: checking for C compiler version
configure:3340: gcc --version >&5
gcc.exe (i686-posix-dwarf, Built by MinGW-W64 project) 4.8.2
Copyright (C) 2013 Free Software Foundation, Inc.
This is free software; see the source for copying conditions.  There is NO
warranty; not even for MERCHANTABILITY or FITNESS FOR A PARTICULAR PURPOSE.

configure:3351: $? = 0
configure:3340: gcc -v >&5
Using built-in specs.
COLLECT_GCC=c:\mingw\bin\gcc.exe
COLLECT_LTO_WRAPPER=c:/mingw/bin/../libexec/gcc/i686-w64-mingw32/4.8.2/lto-wrapper.exe
Target: i686-w64-mingw32
Configured with: ../../../src/gcc-4.8.2/configure --host=i686-w64-mingw32 --build=i686-w64-mingw32 --target=i686-w64-mingw32 --prefix=/mingw32 --with-sysroot=/c/mingw482/i686-482-posix-dwarf-rt_v3-r2/mingw32 --with-gxx-include-dir=/mingw32/i686-w64-mingw32/include/c++ --enable-shared --enable-static --disable-multilib --enable-languages=ada,c,c++,fortran,objc,obj-c++,lto --enable-libstdcxx-time=yes --enable-threads=posix --enable-libgomp --enable-lto --enable-graphite --enable-checking=release --enable-fully-dynamic-string --enable-version-specific-runtime-libs --disable-sjlj-exceptions --with-dwarf2 --disable-isl-version-check --disable-cloog-version-check --disable-libstdcxx-pch --disable-libstdcxx-debug --enable-bootstrap --disable-rpath --disable-win32-registry --disable-nls --disable-werror --disable-symvers --with-gnu-as --with-gnu-ld --with-arch=i686 --with-tune=generic --with-libiconv --with-system-zlib --with-gmp=/c/mingw482/prerequisites/i686-w64-mingw32-static --with-mpfr=/c/mingw482/prerequisites/i686-w64-mingw32-static --with-mpc=/c/mingw482/prerequisites/i686-w64-mingw32-static --with-isl=/c/mingw482/prerequisites/i686-w64-mingw32-static --with-cloog=/c/mingw482/prerequisites/i686-w64-mingw32-static --enable-cloog-backend=isl --with-pkgversion='i686-posix-dwarf, Built by MinGW-W64 project' --with-bugurl=http://sourceforge.net/projects/mingw-w64 CFLAGS='-O2 -pipe -I/c/mingw482/i686-482-posix-dwarf-rt_v3-r2/mingw32/opt/include -I/c/mingw482/prerequisites/i686-zlib-static/include -I/c/mingw482/prerequisites/i686-w64-mingw32-static/include' CXXFLAGS='-O2 -pipe -I/c/mingw482/i686-482-posix-dwarf-rt_v3-r2/mingw32/opt/include -I/c/mingw482/prerequisites/i686-zlib-static/include -I/c/mingw482/prerequisites/i686-w64-mingw32-static/include' CPPFLAGS= LDFLAGS='-pipe -L/c/mingw482/i686-482-posix-dwarf-rt_v3-r2/mingw32/opt/lib -L/c/mingw482/prerequisites/i686-zlib-static/lib -L/c/mingw482/prerequisites/i686-w64-mingw32-static/lib -Wl,--large-address-aware'
Thread model: posix
gcc version 4.8.2 (i686-posix-dwarf, Built by MinGW-W64 project) 
configure:3351: $? = 0
configure:3340: gcc -V >&5
gcc.exe: error: unrecognized command line option '-V'
gcc.exe: fatal error: no input files
compilation terminated.
configure:3351: $? = 1
configure:3340: gcc -qversion >&5
gcc.exe: error: unrecognized command line option '-qversion'
gcc.exe: fatal error: no input files
compilation terminated.
configure:3351: $? = 1
configure:3371: checking whether the C compiler works
configure:3393: gcc    conftest.c  >&5
configure:3397: $? = 0
configure:3445: result: yes
configure:3448: checking for C compiler default output file name
configure:3450: result: a.exe
configure:3456: checking for suffix of executables
configure:3463: gcc -o conftest.exe    conftest.c  >&5
configure:3467: $? = 0
configure:3489: result: .exe
configure:3511: checking whether we are cross compiling
configure:3519: gcc -o conftest.exe    conftest.c  >&5
configure:3523: $? = 0
configure:3530: ./conftest.exe
configure:3534: $? = 0
configure:3549: result: no
configure:3554: checking for suffix of object files
configure:3576: gcc -c   conftest.c >&5
configure:3580: $? = 0
configure:3601: result: o
configure:3605: checking whether we are using the GNU C compiler
configure:3624: gcc -c   conftest.c >&5
configure:3624: $? = 0
configure:3633: result: yes
configure:3642: checking whether gcc accepts -g
configure:3662: gcc -c -g  conftest.c >&5
configure:3662: $? = 0
configure:3703: result: yes
configure:3720: checking for gcc option to accept ISO C89
configure:3784: gcc  -c -g -O2  conftest.c >&5
configure:3784: $? = 0
configure:3797: result: none needed
configure:3819: checking dependency style of gcc
configure:3929: result: gcc3
configure:3944: checking for a sed that does not truncate output
configure:4008: result: /bin/sed
configure:4026: checking for grep that handles long lines and -e
configure:4084: result: /bin/grep
configure:4089: checking for egrep
configure:4151: result: /bin/grep -E
configure:4156: checking for fgrep
configure:4218: result: /bin/grep -F
configure:4253: checking for ld used by gcc
configure:4320: result: c:/mingw/i686-w64-mingw32/bin/ld.exe
configure:4327: checking if the linker (c:/mingw/i686-w64-mingw32/bin/ld.exe) is GNU ld
configure:4342: result: yes
configure:4354: checking for BSD- or MS-compatible name lister (nm)
configure:4403: result: /mingw/bin/nm
configure:4533: checking the name lister (/mingw/bin/nm) interface
configure:4540: gcc -c -g -O2  conftest.c >&5
configure:4543: /mingw/bin/nm "conftest.o"
configure:4546: output
00000000 b .bss
00000000 d .data
00000000 N .debug_abbrev
00000000 N .debug_aranges
00000000 N .debug_info
00000000 N .debug_line
00000000 r .rdata$zzz
00000000 t .text
00000000 B _some_variable
configure:4553: result: BSD nm
configure:4556: checking whether ln -s works
configure:4563: result: no, using cp -p
configure:4568: checking the maximum length of command line arguments
configure:4693: result: 8192
configure:4710: checking whether the shell understands some XSI constructs
configure:4720: result: yes
configure:4724: checking whether the shell understands "+="
configure:4730: result: yes
configure:4765: checking how to convert i686-pc-mingw32 file names to i686-pc-mingw32 format
configure:4805: result: func_convert_file_msys_to_w32
configure:4812: checking how to convert i686-pc-mingw32 file names to toolchain format
configure:4832: result: func_convert_file_msys_to_w32
configure:4839: checking for c:/mingw/i686-w64-mingw32/bin/ld.exe option to reload object files
configure:4846: result: -r
configure:4920: checking for objdump
configure:4936: found /mingw/bin/objdump
configure:4947: result: objdump
configure:4979: checking how to recognize dependent libraries
configure:5181: result: file_magic ^x86 archive import|^x86 DLL
configure:5266: checking for dlltool
configure:5282: found /mingw/bin/dlltool
configure:5293: result: dlltool
configure:5326: checking how to associate runtime and link libraries
configure:5353: result: func_cygming_dll_for_implib
configure:5414: checking for ar
configure:5430: found /mingw/bin/ar
configure:5441: result: ar
configure:5478: checking for archiver @FILE support
configure:5495: gcc -c -g -O2  conftest.c >&5
configure:5495: $? = 0
configure:5498: ar cru libconftest.a @conftest.lst >&5
configure:5501: $? = 0
configure:5506: ar cru libconftest.a @conftest.lst >&5
c:\mingw\bin\ar.exe: conftest.o: No such file or directory
configure:5509: $? = 1
configure:5521: result: @
configure:5579: checking for strip
configure:5595: found /mingw/bin/strip
configure:5606: result: strip
configure:5678: checking for ranlib
configure:5694: found /mingw/bin/ranlib
configure:5705: result: ranlib
configure:5807: checking command to parse /mingw/bin/nm output from gcc object
configure:5926: gcc -c -g -O2  conftest.c >&5
configure:5929: $? = 0
configure:5933: /mingw/bin/nm conftest.o \| sed -n -e 's/^.*[ ]\([ABCDGIRSTW][ABCDGIRSTW]*\)[ ][ ]*\([_A-Za-z][_A-Za-z0-9]*\)\{0,1\}$/\1 \2 \2/p' | sed '/ __gnu_lto/d' \> conftest.nm
configure:5936: $? = 0
cannot find nm_test_var in conftest.nm
configure:5926: gcc -c -g -O2  conftest.c >&5
configure:5929: $? = 0
configure:5933: /mingw/bin/nm conftest.o \| sed -n -e 's/^.*[ ]\([ABCDGIRSTW][ABCDGIRSTW]*\)[ ][ ]*_\([_A-Za-z][_A-Za-z0-9]*\)\{0,1\}$/\1 _\2 \2/p' | sed '/ __gnu_lto/d' \> conftest.nm
configure:5936: $? = 0
configure:6002: gcc -o conftest.exe -g -O2   conftest.c conftstm.o >&5
configure:6005: $? = 0
configure:6043: result: ok
configure:6080: checking for sysroot
configure:6110: result: no
configure:6353: checking for mt
configure:6383: result: no
configure:6403: checking if : is a manifest tool
configure:6409: : '-?'
configure:6417: result: no
configure:7049: checking how to run the C preprocessor
configure:7080: gcc -E  conftest.c
configure:7080: $? = 0
configure:7094: gcc -E  conftest.c
conftest.c:11:28: fatal error: ac_nonexistent.h: No such file or directory
 #include <ac_nonexistent.h>
                            ^
compilation terminated.
configure:7094: $? = 1
configure: failed program was:
| /* confdefs.h */
| #define PACKAGE_NAME "libsecp256k1"
| #define PACKAGE_TARNAME "libsecp256k1"
| #define PACKAGE_VERSION "0.1"
| #define PACKAGE_STRING "libsecp256k1 0.1"
| #define PACKAGE_BUGREPORT ""
| #define PACKAGE_URL ""
| #define PACKAGE "libsecp256k1"
| #define VERSION "0.1"
| /* end confdefs.h.  */
| #include <ac_nonexistent.h>
configure:7119: result: gcc -E
configure:7139: gcc -E  conftest.c
configure:7139: $? = 0
configure:7153: gcc -E  conftest.c
conftest.c:11:28: fatal error: ac_nonexistent.h: No such file or directory
 #include <ac_nonexistent.h>
                            ^
compilation terminated.
configure:7153: $? = 1
configure: failed program was:
| /* confdefs.h */
| #define PACKAGE_NAME "libsecp256k1"
| #define PACKAGE_TARNAME "libsecp256k1"
| #define PACKAGE_VERSION "0.1"
| #define PACKAGE_STRING "libsecp256k1 0.1"
| #define PACKAGE_BUGREPORT ""
| #define PACKAGE_URL ""
| #define PACKAGE "libsecp256k1"
| #define VERSION "0.1"
| /* end confdefs.h.  */
| #include <ac_nonexistent.h>
configure:7182: checking for ANSI C header files
configure:7202: gcc -c -g -O2  conftest.c >&5
configure:7202: $? = 0
configure:7275: gcc -o conftest.exe -g -O2   conftest.c  >&5
configure:7275: $? = 0
configure:7275: ./conftest.exe
configure:7275: $? = 0
configure:7286: result: yes
configure:7299: checking for sys/types.h
configure:7299: gcc -c -g -O2  conftest.c >&5
configure:7299: $? = 0
configure:7299: result: yes
configure:7299: checking for sys/stat.h
configure:7299: gcc -c -g -O2  conftest.c >&5
configure:7299: $? = 0
configure:7299: result: yes
configure:7299: checking for stdlib.h
configure:7299: gcc -c -g -O2  conftest.c >&5
configure:7299: $? = 0
configure:7299: result: yes
configure:7299: checking for string.h
configure:7299: gcc -c -g -O2  conftest.c >&5
configure:7299: $? = 0
configure:7299: result: yes
configure:7299: checking for memory.h
configure:7299: gcc -c -g -O2  conftest.c >&5
configure:7299: $? = 0
configure:7299: result: yes
configure:7299: checking for strings.h
configure:7299: gcc -c -g -O2  conftest.c >&5
configure:7299: $? = 0
configure:7299: result: yes
configure:7299: checking for inttypes.h
configure:7299: gcc -c -g -O2  conftest.c >&5
configure:7299: $? = 0
configure:7299: result: yes
configure:7299: checking for stdint.h
configure:7299: gcc -c -g -O2  conftest.c >&5
configure:7299: $? = 0
configure:7299: result: yes
configure:7299: checking for unistd.h
configure:7299: gcc -c -g -O2  conftest.c >&5
configure:7299: $? = 0
configure:7299: result: yes
configure:7313: checking for dlfcn.h
configure:7313: gcc -c -g -O2  conftest.c >&5
conftest.c:55:19: fatal error: dlfcn.h: No such file or directory
 #include <dlfcn.h>
                   ^
compilation terminated.
configure:7313: $? = 1
configure: failed program was:
| /* confdefs.h */
| #define PACKAGE_NAME "libsecp256k1"
| #define PACKAGE_TARNAME "libsecp256k1"
| #define PACKAGE_VERSION "0.1"
| #define PACKAGE_STRING "libsecp256k1 0.1"
| #define PACKAGE_BUGREPORT ""
| #define PACKAGE_URL ""
| #define PACKAGE "libsecp256k1"
| #define VERSION "0.1"
| #define STDC_HEADERS 1
| #define HAVE_SYS_TYPES_H 1
| #define HAVE_SYS_STAT_H 1
| #define HAVE_STDLIB_H 1
| #define HAVE_STRING_H 1
| #define HAVE_MEMORY_H 1
| #define HAVE_STRINGS_H 1
| #define HAVE_INTTYPES_H 1
| #define HAVE_STDINT_H 1
| #define HAVE_UNISTD_H 1
| /* end confdefs.h.  */
| #include <stdio.h>
| #ifdef HAVE_SYS_TYPES_H
| # include <sys/types.h>
| #endif
| #ifdef HAVE_SYS_STAT_H
| # include <sys/stat.h>
| #endif
| #ifdef STDC_HEADERS
| # include <stdlib.h>
| # include <stddef.h>
| #else
| # ifdef HAVE_STDLIB_H
| #  include <stdlib.h>
| # endif
| #endif
| #ifdef HAVE_STRING_H
| # if !defined STDC_HEADERS && defined HAVE_MEMORY_H
| #  include <memory.h>
| # endif
| # include <string.h>
| #endif
| #ifdef HAVE_STRINGS_H
| # include <strings.h>
| #endif
| #ifdef HAVE_INTTYPES_H
| # include <inttypes.h>
| #endif
| #ifdef HAVE_STDINT_H
| # include <stdint.h>
| #endif
| #ifdef HAVE_UNISTD_H
| # include <unistd.h>
| #endif
| 
| #include <dlfcn.h>
configure:7313: result: no
configure:7500: checking for objdir
configure:7515: result: .libs
configure:7786: checking if gcc supports -fno-rtti -fno-exceptions
configure:7804: gcc -c -g -O2  -fno-rtti -fno-exceptions conftest.c >&5
cc1.exe: warning: command line option '-fno-rtti' is valid for C++/ObjC++ but not for C [enabled by default]
configure:7808: $? = 0
configure:7821: result: no
configure:8131: checking for gcc option to produce PIC
configure:8138: result: -DDLL_EXPORT -DPIC
configure:8146: checking if gcc PIC flag -DDLL_EXPORT -DPIC works
configure:8164: gcc -c -g -O2  -DDLL_EXPORT -DPIC -DPIC conftest.c >&5
configure:8168: $? = 0
configure:8181: result: yes
configure:8210: checking if gcc static flag -static works
configure:8238: result: yes
configure:8253: checking if gcc supports -c -o file.o
configure:8274: gcc -c -g -O2  -o out/conftest2.o conftest.c >&5
configure:8278: $? = 0
configure:8300: result: yes
configure:8308: checking if gcc supports -c -o file.o
configure:8355: result: yes
configure:8388: checking whether the gcc linker (c:/mingw/i686-w64-mingw32/bin/ld.exe) supports shared libraries
configure:9546: result: yes
configure:9583: checking whether -lc should be explicitly linked in
configure:9591: gcc -c -g -O2  conftest.c >&5
configure:9594: $? = 0
configure:9609: gcc -shared conftest.o  -v -o ./conftest -Wl,--enable-auto-image-base -Xlinker --out-implib -Xlinker conftest 2\>\&1 \| /bin/grep  -lc  \>/dev/null 2\>\&1
configure:9612: $? = 1
configure:9626: result: yes
configure:9791: checking dynamic linker characteristics
configure:10527: result: Win32 ld.exe
configure:10634: checking how to hardcode library paths into programs
configure:10659: result: immediate
configure:11199: checking whether stripping libraries is possible
configure:11204: result: yes
configure:11239: checking if libtool supports shared libraries
configure:11241: result: yes
configure:11244: checking whether to build shared libraries
configure:11265: result: yes
configure:11268: checking whether to build static libraries
configure:11272: result: yes
configure:11369: checking for ar
configure:11387: found /mingw/bin/ar
configure:11399: result: /mingw/bin/ar
configure:11467: checking for ranlib
configure:11485: found /mingw/bin/ranlib
configure:11497: result: /mingw/bin/ranlib
configure:11565: checking for strip
configure:11583: found /mingw/bin/strip
configure:11595: result: /mingw/bin/strip
configure:11673: checking for gcc
configure:11689: found /mingw/bin/gcc
configure:11700: result: gcc
configure:11929: checking for C compiler version
configure:11938: gcc --version >&5
gcc.exe (i686-posix-dwarf, Built by MinGW-W64 project) 4.8.2
Copyright (C) 2013 Free Software Foundation, Inc.
This is free software; see the source for copying conditions.  There is NO
warranty; not even for MERCHANTABILITY or FITNESS FOR A PARTICULAR PURPOSE.

configure:11949: $? = 0
configure:11938: gcc -v >&5
Using built-in specs.
COLLECT_GCC=c:\mingw\bin\gcc.exe
COLLECT_LTO_WRAPPER=c:/mingw/bin/../libexec/gcc/i686-w64-mingw32/4.8.2/lto-wrapper.exe
Target: i686-w64-mingw32
Configured with: ../../../src/gcc-4.8.2/configure --host=i686-w64-mingw32 --build=i686-w64-mingw32 --target=i686-w64-mingw32 --prefix=/mingw32 --with-sysroot=/c/mingw482/i686-482-posix-dwarf-rt_v3-r2/mingw32 --with-gxx-include-dir=/mingw32/i686-w64-mingw32/include/c++ --enable-shared --enable-static --disable-multilib --enable-languages=ada,c,c++,fortran,objc,obj-c++,lto --enable-libstdcxx-time=yes --enable-threads=posix --enable-libgomp --enable-lto --enable-graphite --enable-checking=release --enable-fully-dynamic-string --enable-version-specific-runtime-libs --disable-sjlj-exceptions --with-dwarf2 --disable-isl-version-check --disable-cloog-version-check --disable-libstdcxx-pch --disable-libstdcxx-debug --enable-bootstrap --disable-rpath --disable-win32-registry --disable-nls --disable-werror --disable-symvers --with-gnu-as --with-gnu-ld --with-arch=i686 --with-tune=generic --with-libiconv --with-system-zlib --with-gmp=/c/mingw482/prerequisites/i686-w64-mingw32-static --with-mpfr=/c/mingw482/prerequisites/i686-w64-mingw32-static --with-mpc=/c/mingw482/prerequisites/i686-w64-mingw32-static --with-isl=/c/mingw482/prerequisites/i686-w64-mingw32-static --with-cloog=/c/mingw482/prerequisites/i686-w64-mingw32-static --enable-cloog-backend=isl --with-pkgversion='i686-posix-dwarf, Built by MinGW-W64 project' --with-bugurl=http://sourceforge.net/projects/mingw-w64 CFLAGS='-O2 -pipe -I/c/mingw482/i686-482-posix-dwarf-rt_v3-r2/mingw32/opt/include -I/c/mingw482/prerequisites/i686-zlib-static/include -I/c/mingw482/prerequisites/i686-w64-mingw32-static/include' CXXFLAGS='-O2 -pipe -I/c/mingw482/i686-482-posix-dwarf-rt_v3-r2/mingw32/opt/include -I/c/mingw482/prerequisites/i686-zlib-static/include -I/c/mingw482/prerequisites/i686-w64-mingw32-static/include' CPPFLAGS= LDFLAGS='-pipe -L/c/mingw482/i686-482-posix-dwarf-rt_v3-r2/mingw32/opt/lib -L/c/mingw482/prerequisites/i686-zlib-static/lib -L/c/mingw482/prerequisites/i686-w64-mingw32-static/lib -Wl,--large-address-aware'
Thread model: posix
gcc version 4.8.2 (i686-posix-dwarf, Built by MinGW-W64 project) 
configure:11949: $? = 0
configure:11938: gcc -V >&5
gcc.exe: error: unrecognized command line option '-V'
gcc.exe: fatal error: no input files
compilation terminated.
configure:11949: $? = 1
configure:11938: gcc -qversion >&5
gcc.exe: error: unrecognized command line option '-qversion'
gcc.exe: fatal error: no input files
compilation terminated.
configure:11949: $? = 1
configure:11953: checking whether we are using the GNU C compiler
configure:11981: result: yes
configure:11990: checking whether gcc accepts -g
configure:12010: gcc -c -g -O2  conftest.c >&5
configure:12010: $? = 0
configure:12051: result: yes
configure:12068: checking for gcc option to accept ISO C89
configure:12145: result: none needed
configure:12167: checking dependency style of gcc
configure:12275: result: gcc3
configure:12295: checking how to run the C preprocessor
configure:12326: gcc -E  conftest.c
configure:12326: $? = 0
configure:12340: gcc -E  conftest.c
conftest.c:22:28: fatal error: ac_nonexistent.h: No such file or directory
 #include <ac_nonexistent.h>
                            ^
compilation terminated.
configure:12340: $? = 1
configure: failed program was:
| /* confdefs.h */
| #define PACKAGE_NAME "libsecp256k1"
| #define PACKAGE_TARNAME "libsecp256k1"
| #define PACKAGE_VERSION "0.1"
| #define PACKAGE_STRING "libsecp256k1 0.1"
| #define PACKAGE_BUGREPORT ""
| #define PACKAGE_URL ""
| #define PACKAGE "libsecp256k1"
| #define VERSION "0.1"
| #define STDC_HEADERS 1
| #define HAVE_SYS_TYPES_H 1
| #define HAVE_SYS_STAT_H 1
| #define HAVE_STDLIB_H 1
| #define HAVE_STRING_H 1
| #define HAVE_MEMORY_H 1
| #define HAVE_STRINGS_H 1
| #define HAVE_INTTYPES_H 1
| #define HAVE_STDINT_H 1
| #define HAVE_UNISTD_H 1
| #define LT_OBJDIR ".libs/"
| /* end confdefs.h.  */
| #include <ac_nonexistent.h>
configure:12365: result: gcc -E
configure:12385: gcc -E  conftest.c
configure:12385: $? = 0
configure:12399: gcc -E  conftest.c
conftest.c:22:28: fatal error: ac_nonexistent.h: No such file or directory
 #include <ac_nonexistent.h>
                            ^
compilation terminated.
configure:12399: $? = 1
configure: failed program was:
| /* confdefs.h */
| #define PACKAGE_NAME "libsecp256k1"
| #define PACKAGE_TARNAME "libsecp256k1"
| #define PACKAGE_VERSION "0.1"
| #define PACKAGE_STRING "libsecp256k1 0.1"
| #define PACKAGE_BUGREPORT ""
| #define PACKAGE_URL ""
| #define PACKAGE "libsecp256k1"
| #define VERSION "0.1"
| #define STDC_HEADERS 1
| #define HAVE_SYS_TYPES_H 1
| #define HAVE_SYS_STAT_H 1
| #define HAVE_STDLIB_H 1
| #define HAVE_STRING_H 1
| #define HAVE_MEMORY_H 1
| #define HAVE_STRINGS_H 1
| #define HAVE_INTTYPES_H 1
| #define HAVE_STDINT_H 1
| #define HAVE_UNISTD_H 1
| #define LT_OBJDIR ".libs/"
| /* end confdefs.h.  */
| #include <ac_nonexistent.h>
configure:12442: checking whether gcc and cc understand -c and -o together
configure:12473: gcc -c conftest.c -o conftest2.o >&5
configure:12477: $? = 0
configure:12483: gcc -c conftest.c -o conftest2.o >&5
configure:12487: $? = 0
configure:12498: cc -c conftest.c >&5
configure:12502: $? = 0
configure:12510: cc -c conftest.c -o conftest2.o >&5
configure:12514: $? = 0
configure:12520: cc -c conftest.c -o conftest2.o >&5
configure:12524: $? = 0
configure:12542: result: yes
configure:12568: checking for gcc option to accept ISO C89
configure:12645: result: none needed
configure:12774: checking if gcc supports -std=c89 -pedantic -Wall -Wextra -Wcast-align -Wnested-externs -Wshadow -Wstrict-prototypes -Wno-unused-function -Wno-long-long -Wno-overlength-strings
configure:12780: gcc -c -g -O2 -W -std=c89 -pedantic -Wall -Wextra -Wcast-align -Wnested-externs -Wshadow -Wstrict-prototypes -Wno-unused-function -Wno-long-long -Wno-overlength-strings  conftest.c >&5
configure:12780: $? = 0
configure:12781: result: yes
configure:12793: checking if gcc supports -fvisibility=hidden
configure:12799: gcc -c -g -O2 -W -std=c89 -pedantic -Wall -Wextra -Wcast-align -Wnested-externs -Wshadow -Wstrict-prototypes -Wno-unused-function -Wno-long-long -Wno-overlength-strings -fvisibility=hidden  conftest.c >&5
configure:12799: $? = 0
configure:12800: result: yes
configure:12910: checking for __int128
configure:12910: gcc -c -g -O2 -W -std=c89 -pedantic -Wall -Wextra -Wcast-align -Wnested-externs -Wshadow -Wstrict-prototypes -Wno-unused-function -Wno-long-long -Wno-overlength-strings -fvisibility=hidden  conftest.c >&5
conftest.c:56:1: warning: function declaration isn't a prototype [-Wstrict-prototypes]
 main ()
 ^
conftest.c: In function 'main':
conftest.c:58:13: error: '__int128' is not supported for this target
 if (sizeof (__int128))
             ^
conftest.c:58:1: warning: type defaults to 'int' in type name [-Wimplicit-int]
 if (sizeof (__int128))
 ^
configure:12910: $? = 1
configure: failed program was:
| /* confdefs.h */
| #define PACKAGE_NAME "libsecp256k1"
| #define PACKAGE_TARNAME "libsecp256k1"
| #define PACKAGE_VERSION "0.1"
| #define PACKAGE_STRING "libsecp256k1 0.1"
| #define PACKAGE_BUGREPORT ""
| #define PACKAGE_URL ""
| #define PACKAGE "libsecp256k1"
| #define VERSION "0.1"
| #define STDC_HEADERS 1
| #define HAVE_SYS_TYPES_H 1
| #define HAVE_SYS_STAT_H 1
| #define HAVE_STDLIB_H 1
| #define HAVE_STRING_H 1
| #define HAVE_MEMORY_H 1
| #define HAVE_STRINGS_H 1
| #define HAVE_INTTYPES_H 1
| #define HAVE_STDINT_H 1
| #define HAVE_UNISTD_H 1
| #define LT_OBJDIR ".libs/"
| /* end confdefs.h.  */
| #include <stdio.h>
| #ifdef HAVE_SYS_TYPES_H
| # include <sys/types.h>
| #endif
| #ifdef HAVE_SYS_STAT_H
| # include <sys/stat.h>
| #endif
| #ifdef STDC_HEADERS
| # include <stdlib.h>
| # include <stddef.h>
| #else
| # ifdef HAVE_STDLIB_H
| #  include <stdlib.h>
| # endif
| #endif
| #ifdef HAVE_STRING_H
| # if !defined STDC_HEADERS && defined HAVE_MEMORY_H
| #  include <memory.h>
| # endif
| # include <string.h>
| #endif
| #ifdef HAVE_STRINGS_H
| # include <strings.h>
| #endif
| #ifdef HAVE_INTTYPES_H
| # include <inttypes.h>
| #endif
| #ifdef HAVE_STDINT_H
| # include <stdint.h>
| #endif
| #ifdef HAVE_UNISTD_H
| # include <unistd.h>
| #endif
| int
| main ()
| {
| if (sizeof (__int128))
| 	 return 0;
|   ;
|   return 0;
| }
configure:12910: result: no
configure:12921: checking for __builtin_expect
configure:12927: gcc -c -g -O2 -W -std=c89 -pedantic -Wall -Wextra -Wcast-align -Wnested-externs -Wshadow -Wstrict-prototypes -Wno-unused-function -Wno-long-long -Wno-overlength-strings -fvisibility=hidden  conftest.c >&5
conftest.c:22:6: warning: function declaration isn't a prototype [-Wstrict-prototypes]
 void myfunc() {__builtin_expect(0,0);}
      ^
conftest.c: In function 'myfunc':
conftest.c:22:16: warning: statement with no effect [-Wunused-value]
 void myfunc() {__builtin_expect(0,0);}
                ^
configure:12927: $? = 0
configure:12928: result: yes
configure:12941: checking for x86_64 assembly availability
configure:12958: gcc -c -g -O2 -W -std=c89 -pedantic -Wall -Wextra -Wcast-align -Wnested-externs -Wshadow -Wstrict-prototypes -Wno-unused-function -Wno-long-long -Wno-overlength-strings -fvisibility=hidden  conftest.c >&5
conftest.c:26:1: warning: function declaration isn't a prototype [-Wstrict-prototypes]
 main ()
 ^
conftest.c: In function 'main':
conftest.c:30:3: warning: 'tmp' is used uninitialized in this function [-Wuninitialized]
   __asm__ __volatile__("movq SECP_64BIT_ASM_CHECKx100000000,%1; mulq %%rsi" : "+a"(a) : "S"(tmp) : "cc", "%rdx");
   ^
conftest.c:30:3: error: inconsistent operand constraints in an 'asm'
   __asm__ __volatile__("movq SECP_64BIT_ASM_CHECKx100000000,%1; mulq %%rsi" : "+a"(a) : "S"(tmp) : "cc", "%rdx");
   ^
configure:12958: $? = 1
configure: failed program was:
| /* confdefs.h */
| #define PACKAGE_NAME "libsecp256k1"
| #define PACKAGE_TARNAME "libsecp256k1"
| #define PACKAGE_VERSION "0.1"
| #define PACKAGE_STRING "libsecp256k1 0.1"
| #define PACKAGE_BUGREPORT ""
| #define PACKAGE_URL ""
| #define PACKAGE "libsecp256k1"
| #define VERSION "0.1"
| #define STDC_HEADERS 1
| #define HAVE_SYS_TYPES_H 1
| #define HAVE_SYS_STAT_H 1
| #define HAVE_STDLIB_H 1
| #define HAVE_STRING_H 1
| #define HAVE_MEMORY_H 1
| #define HAVE_STRINGS_H 1
| #define HAVE_INTTYPES_H 1
| #define HAVE_STDINT_H 1
| #define HAVE_UNISTD_H 1
| #define LT_OBJDIR ".libs/"
| #define HAVE_BUILTIN_EXPECT 1
| /* end confdefs.h.  */
| 
|   #include <stdint.h>
| int
| main ()
| {
| 
|   uint64_t a = 11, tmp;
|   __asm__ __volatile__("movq SECP_64BIT_ASM_CHECKx100000000,%1; mulq %%rsi" : "+a"(a) : "S"(tmp) : "cc", "%rdx");
| 
|   ;
|   return 0;
| }
configure:12964: result: no
configure:13088: checking gmp.h usability
configure:13088: gcc -c -g -O2 -W -std=c89 -pedantic -Wall -Wextra -Wcast-align -Wnested-externs -Wshadow -Wstrict-prototypes -Wno-unused-function -Wno-long-long -Wno-overlength-strings -fvisibility=hidden   conftest.c >&5
conftest.c:56:17: fatal error: gmp.h: No such file or directory
 #include <gmp.h>
                 ^
compilation terminated.
configure:13088: $? = 1
configure: failed program was:
| /* confdefs.h */
| #define PACKAGE_NAME "libsecp256k1"
| #define PACKAGE_TARNAME "libsecp256k1"
| #define PACKAGE_VERSION "0.1"
| #define PACKAGE_STRING "libsecp256k1 0.1"
| #define PACKAGE_BUGREPORT ""
| #define PACKAGE_URL ""
| #define PACKAGE "libsecp256k1"
| #define VERSION "0.1"
| #define STDC_HEADERS 1
| #define HAVE_SYS_TYPES_H 1
| #define HAVE_SYS_STAT_H 1
| #define HAVE_STDLIB_H 1
| #define HAVE_STRING_H 1
| #define HAVE_MEMORY_H 1
| #define HAVE_STRINGS_H 1
| #define HAVE_INTTYPES_H 1
| #define HAVE_STDINT_H 1
| #define HAVE_UNISTD_H 1
| #define LT_OBJDIR ".libs/"
| #define HAVE_BUILTIN_EXPECT 1
| /* end confdefs.h.  */
| #include <stdio.h>
| #ifdef HAVE_SYS_TYPES_H
| # include <sys/types.h>
| #endif
| #ifdef HAVE_SYS_STAT_H
| # include <sys/stat.h>
| #endif
| #ifdef STDC_HEADERS
| # include <stdlib.h>
| # include <stddef.h>
| #else
| # ifdef HAVE_STDLIB_H
| #  include <stdlib.h>
| # endif
| #endif
| #ifdef HAVE_STRING_H
| # if !defined STDC_HEADERS && defined HAVE_MEMORY_H
| #  include <memory.h>
| # endif
| # include <string.h>
| #endif
| #ifdef HAVE_STRINGS_H
| # include <strings.h>
| #endif
| #ifdef HAVE_INTTYPES_H
| # include <inttypes.h>
| #endif
| #ifdef HAVE_STDINT_H
| # include <stdint.h>
| #endif
| #ifdef HAVE_UNISTD_H
| # include <unistd.h>
| #endif
| #include <gmp.h>
configure:13088: result: no
configure:13088: checking gmp.h presence
configure:13088: gcc -E   conftest.c
conftest.c:23:17: fatal error: gmp.h: No such file or directory
 #include <gmp.h>
                 ^
compilation terminated.
configure:13088: $? = 1
configure: failed program was:
| /* confdefs.h */
| #define PACKAGE_NAME "libsecp256k1"
| #define PACKAGE_TARNAME "libsecp256k1"
| #define PACKAGE_VERSION "0.1"
| #define PACKAGE_STRING "libsecp256k1 0.1"
| #define PACKAGE_BUGREPORT ""
| #define PACKAGE_URL ""
| #define PACKAGE "libsecp256k1"
| #define VERSION "0.1"
| #define STDC_HEADERS 1
| #define HAVE_SYS_TYPES_H 1
| #define HAVE_SYS_STAT_H 1
| #define HAVE_STDLIB_H 1
| #define HAVE_STRING_H 1
| #define HAVE_MEMORY_H 1
| #define HAVE_STRINGS_H 1
| #define HAVE_INTTYPES_H 1
| #define HAVE_STDINT_H 1
| #define HAVE_UNISTD_H 1
| #define LT_OBJDIR ".libs/"
| #define HAVE_BUILTIN_EXPECT 1
| /* end confdefs.h.  */
| #include <gmp.h>
configure:13088: result: no
configure:13088: checking for gmp.h
configure:13088: result: no
configure:13304: checking openssl/crypto.h usability
configure:13304: gcc -c -g -O2 -W -std=c89 -pedantic -Wall -Wextra -Wcast-align -Wnested-externs -Wshadow -Wstrict-prototypes -Wno-unused-function -Wno-long-long -Wno-overlength-strings -fvisibility=hidden  conftest.c >&5
conftest.c:61:28: fatal error: openssl/crypto.h: No such file or directory
 #include <openssl/crypto.h>
                            ^
compilation terminated.
configure:13304: $? = 1
configure: failed program was:
| /* confdefs.h */
| #define PACKAGE_NAME "libsecp256k1"
| #define PACKAGE_TARNAME "libsecp256k1"
| #define PACKAGE_VERSION "0.1"
| #define PACKAGE_STRING "libsecp256k1 0.1"
| #define PACKAGE_BUGREPORT ""
| #define PACKAGE_URL ""
| #define PACKAGE "libsecp256k1"
| #define VERSION "0.1"
| #define STDC_HEADERS 1
| #define HAVE_SYS_TYPES_H 1
| #define HAVE_SYS_STAT_H 1
| #define HAVE_STDLIB_H 1
| #define HAVE_STRING_H 1
| #define HAVE_MEMORY_H 1
| #define HAVE_STRINGS_H 1
| #define HAVE_INTTYPES_H 1
| #define HAVE_STDINT_H 1
| #define HAVE_UNISTD_H 1
| #define LT_OBJDIR ".libs/"
| #define HAVE_BUILTIN_EXPECT 1
| #define USE_FIELD_10X26 1
| #define USE_NUM_NONE 1
| #define USE_FIELD_INV_BUILTIN 1
| #define USE_SCALAR_INV_BUILTIN 1
| #define USE_SCALAR_8X32 1
| /* end confdefs.h.  */
| #include <stdio.h>
| #ifdef HAVE_SYS_TYPES_H
| # include <sys/types.h>
| #endif
| #ifdef HAVE_SYS_STAT_H
| # include <sys/stat.h>
| #endif
| #ifdef STDC_HEADERS
| # include <stdlib.h>
| # include <stddef.h>
| #else
| # ifdef HAVE_STDLIB_H
| #  include <stdlib.h>
| # endif
| #endif
| #ifdef HAVE_STRING_H
| # if !defined STDC_HEADERS && defined HAVE_MEMORY_H
| #  include <memory.h>
| # endif
| # include <string.h>
| #endif
| #ifdef HAVE_STRINGS_H
| # include <strings.h>
| #endif
| #ifdef HAVE_INTTYPES_H
| # include <inttypes.h>
| #endif
| #ifdef HAVE_STDINT_H
| # include <stdint.h>
| #endif
| #ifdef HAVE_UNISTD_H
| # include <unistd.h>
| #endif
| #include <openssl/crypto.h>
configure:13304: result: no
configure:13304: checking openssl/crypto.h presence
configure:13304: gcc -E  conftest.c
conftest.c:28:28: fatal error: openssl/crypto.h: No such file or directory
 #include <openssl/crypto.h>
                            ^
compilation terminated.
configure:13304: $? = 1
configure: failed program was:
| /* confdefs.h */
| #define PACKAGE_NAME "libsecp256k1"
| #define PACKAGE_TARNAME "libsecp256k1"
| #define PACKAGE_VERSION "0.1"
| #define PACKAGE_STRING "libsecp256k1 0.1"
| #define PACKAGE_BUGREPORT ""
| #define PACKAGE_URL ""
| #define PACKAGE "libsecp256k1"
| #define VERSION "0.1"
| #define STDC_HEADERS 1
| #define HAVE_SYS_TYPES_H 1
| #define HAVE_SYS_STAT_H 1
| #define HAVE_STDLIB_H 1
| #define HAVE_STRING_H 1
| #define HAVE_MEMORY_H 1
| #define HAVE_STRINGS_H 1
| #define HAVE_INTTYPES_H 1
| #define HAVE_STDINT_H 1
| #define HAVE_UNISTD_H 1
| #define LT_OBJDIR ".libs/"
| #define HAVE_BUILTIN_EXPECT 1
| #define USE_FIELD_10X26 1
| #define USE_NUM_NONE 1
| #define USE_FIELD_INV_BUILTIN 1
| #define USE_SCALAR_INV_BUILTIN 1
| #define USE_SCALAR_8X32 1
| /* end confdefs.h.  */
| #include <openssl/crypto.h>
configure:13304: result: no
configure:13304: checking for openssl/crypto.h
configure:13304: result: no
configure:13436: checking whether byte ordering is bigendian
configure:13451: gcc -c -g -O2 -W -std=c89 -pedantic -Wall -Wextra -Wcast-align -Wnested-externs -Wshadow -Wstrict-prototypes -Wno-unused-function -Wno-long-long -Wno-overlength-strings -fvisibility=hidden  conftest.c >&5
conftest.c:30:9: error: unknown type name 'not'
         not a universal capable compiler
         ^
conftest.c:30:15: error: expected '=', ',', ';', 'asm' or '__attribute__' before 'universal'
         not a universal capable compiler
               ^
conftest.c:30:15: error: unknown type name 'universal'
configure:13451: $? = 1
configure: failed program was:
| /* confdefs.h */
| #define PACKAGE_NAME "libsecp256k1"
| #define PACKAGE_TARNAME "libsecp256k1"
| #define PACKAGE_VERSION "0.1"
| #define PACKAGE_STRING "libsecp256k1 0.1"
| #define PACKAGE_BUGREPORT ""
| #define PACKAGE_URL ""
| #define PACKAGE "libsecp256k1"
| #define VERSION "0.1"
| #define STDC_HEADERS 1
| #define HAVE_SYS_TYPES_H 1
| #define HAVE_SYS_STAT_H 1
| #define HAVE_STDLIB_H 1
| #define HAVE_STRING_H 1
| #define HAVE_MEMORY_H 1
| #define HAVE_STRINGS_H 1
| #define HAVE_INTTYPES_H 1
| #define HAVE_STDINT_H 1
| #define HAVE_UNISTD_H 1
| #define LT_OBJDIR ".libs/"
| #define HAVE_BUILTIN_EXPECT 1
| #define USE_FIELD_10X26 1
| #define USE_NUM_NONE 1
| #define USE_FIELD_INV_BUILTIN 1
| #define USE_SCALAR_INV_BUILTIN 1
| #define USE_SCALAR_8X32 1
| #define USE_ECMULT_STATIC_PRECOMPUTATION 1
| /* end confdefs.h.  */
| #ifndef __APPLE_CC__
| 	       not a universal capable compiler
| 	     #endif
| 	     typedef int dummy;
| 
configure:13496: gcc -c -g -O2 -W -std=c89 -pedantic -Wall -Wextra -Wcast-align -Wnested-externs -Wshadow -Wstrict-prototypes -Wno-unused-function -Wno-long-long -Wno-overlength-strings -fvisibility=hidden  conftest.c >&5
conftest.c:33:1: warning: function declaration isn't a prototype [-Wstrict-prototypes]
 main ()
 ^
configure:13496: $? = 0
configure:13514: gcc -c -g -O2 -W -std=c89 -pedantic -Wall -Wextra -Wcast-align -Wnested-externs -Wshadow -Wstrict-prototypes -Wno-unused-function -Wno-long-long -Wno-overlength-strings -fvisibility=hidden  conftest.c >&5
conftest.c:33:1: warning: function declaration isn't a prototype [-Wstrict-prototypes]
 main ()
 ^
conftest.c: In function 'main':
conftest.c:36:4: error: unknown type name 'not'
    not big endian
    ^
conftest.c:36:12: error: expected '=', ',', ';', 'asm' or '__attribute__' before 'endian'
    not big endian
            ^
configure:13514: $? = 1
configure: failed program was:
| /* confdefs.h */
| #define PACKAGE_NAME "libsecp256k1"
| #define PACKAGE_TARNAME "libsecp256k1"
| #define PACKAGE_VERSION "0.1"
| #define PACKAGE_STRING "libsecp256k1 0.1"
| #define PACKAGE_BUGREPORT ""
| #define PACKAGE_URL ""
| #define PACKAGE "libsecp256k1"
| #define VERSION "0.1"
| #define STDC_HEADERS 1
| #define HAVE_SYS_TYPES_H 1
| #define HAVE_SYS_STAT_H 1
| #define HAVE_STDLIB_H 1
| #define HAVE_STRING_H 1
| #define HAVE_MEMORY_H 1
| #define HAVE_STRINGS_H 1
| #define HAVE_INTTYPES_H 1
| #define HAVE_STDINT_H 1
| #define HAVE_UNISTD_H 1
| #define LT_OBJDIR ".libs/"
| #define HAVE_BUILTIN_EXPECT 1
| #define USE_FIELD_10X26 1
| #define USE_NUM_NONE 1
| #define USE_FIELD_INV_BUILTIN 1
| #define USE_SCALAR_INV_BUILTIN 1
| #define USE_SCALAR_8X32 1
| #define USE_ECMULT_STATIC_PRECOMPUTATION 1
| /* end confdefs.h.  */
| #include <sys/types.h>
| 		#include <sys/param.h>
| 
| int
| main ()
| {
| #if BYTE_ORDER != BIG_ENDIAN
| 		 not big endian
| 		#endif
| 
|   ;
|   return 0;
| }
configure:13642: result: no
configure:13661: Using assembly optimizations: no
configure:13663: Using field implementation: 32bit
configure:13665: Using bignum implementation: no
configure:13667: Using scalar implementation: 32bit
configure:13669: Using endomorphism optimizations: no
configure:13671: Building ECDSA pubkey recovery module: no
configure:13916: creating ./config.status

## ---------------------- ##
## Running config.status. ##
## ---------------------- ##

This file was extended by libsecp256k1 config.status 0.1, which was
generated by GNU Autoconf 2.68.  Invocation command line was

  CONFIG_FILES    = 
  CONFIG_HEADERS  = 
  CONFIG_LINKS    = 
  CONFIG_COMMANDS = 
  $ ./config.status 

on Prosperous-HP

config.status:1139: creating Makefile
config.status:1139: creating libsecp256k1.pc
config.status:1139: creating src/libsecp256k1-config.h
config.status:1368: executing depfiles commands
config.status:1368: executing libtool commands

## ---------------- ##
## Cache variables. ##
## ---------------- ##

ac_cv_build=i686-pc-mingw32
ac_cv_build_prog_CPP='gcc -E'
ac_cv_build_prog_cc_g=yes
ac_cv_c_bigendian=no
ac_cv_c_compiler_gnu=yes
ac_cv_env_CC_set=
ac_cv_env_CC_value=
ac_cv_env_CFLAGS_set=
ac_cv_env_CFLAGS_value=
ac_cv_env_CPPFLAGS_set=
ac_cv_env_CPPFLAGS_value=
ac_cv_env_CPP_set=
ac_cv_env_CPP_value=
ac_cv_env_LDFLAGS_set=
ac_cv_env_LDFLAGS_value=
ac_cv_env_LIBS_set=
ac_cv_env_LIBS_value=
ac_cv_env_build_alias_set=
ac_cv_env_build_alias_value=
ac_cv_env_host_alias_set=
ac_cv_env_host_alias_value=
ac_cv_env_target_alias_set=
ac_cv_env_target_alias_value=
ac_cv_exeext=.exe
ac_cv_header_dlfcn_h=no
ac_cv_header_gmp_h=no
ac_cv_header_inttypes_h=yes
ac_cv_header_memory_h=yes
ac_cv_header_openssl_crypto_h=no
ac_cv_header_stdc=yes
ac_cv_header_stdint_h=yes
ac_cv_header_stdlib_h=yes
ac_cv_header_string_h=yes
ac_cv_header_strings_h=yes
ac_cv_header_sys_stat_h=yes
ac_cv_header_sys_types_h=yes
ac_cv_header_unistd_h=yes
ac_cv_host=i686-pc-mingw32
ac_cv_objext=o
ac_cv_path_EGREP='/bin/grep -E'
ac_cv_path_FGREP='/bin/grep -F'
ac_cv_path_GREP=/bin/grep
ac_cv_path_SED=/bin/sed
ac_cv_path_ac_pt_AR=/mingw/bin/ar
ac_cv_path_ac_pt_RANLIB=/mingw/bin/ranlib
ac_cv_path_ac_pt_STRIP=/mingw/bin/strip
ac_cv_path_install='/bin/install -c'
ac_cv_path_mkdir=/bin/mkdir
ac_cv_prog_AWK=gawk
ac_cv_prog_CPP='gcc -E'
ac_cv_prog_ac_ct_AR=ar
ac_cv_prog_ac_ct_CC=gcc
ac_cv_prog_ac_ct_CC_FOR_BUILD=gcc
ac_cv_prog_ac_ct_DLLTOOL=dlltool
ac_cv_prog_ac_ct_OBJDUMP=objdump
ac_cv_prog_ac_ct_RANLIB=ranlib
ac_cv_prog_ac_ct_STRIP=strip
ac_cv_prog_cc_c89=
ac_cv_prog_cc_g=yes
ac_cv_prog_cc_gcc_c_o=yes
ac_cv_prog_make_make_set=yes
ac_cv_type___int128=no
am_cv_CC_FOR_BUILD_dependencies_compiler_type=gcc3
am_cv_CC_dependencies_compiler_type=gcc3
lt_cv_ar_at_file=@
lt_cv_archive_cmds_need_lc=yes
lt_cv_deplibs_check_method='file_magic ^x86 archive import|^x86 DLL'
lt_cv_file_magic_cmd=func_win32_libid
lt_cv_file_magic_test_file=
lt_cv_ld_reload_flag=-r
lt_cv_nm_interface='BSD nm'
lt_cv_objdir=.libs
lt_cv_path_LD=c:/mingw/i686-w64-mingw32/bin/ld.exe
lt_cv_path_NM=/mingw/bin/nm
lt_cv_path_mainfest_tool=no
lt_cv_prog_compiler_c_o=yes
lt_cv_prog_compiler_pic='-DDLL_EXPORT -DPIC'
lt_cv_prog_compiler_pic_works=yes
lt_cv_prog_compiler_rtti_exceptions=no
lt_cv_prog_compiler_static_works=yes
lt_cv_prog_gnu_ld=yes
lt_cv_sharedlib_from_linklib_cmd=func_cygming_dll_for_implib
lt_cv_sys_global_symbol_pipe='sed -n -e '\''s/^.*[	 ]\([ABCDGIRSTW][ABCDGIRSTW]*\)[	 ][	 ]*_\([_A-Za-z][_A-Za-z0-9]*\)\{0,1\}$/\1 _\2 \2/p'\'' | sed '\''/ __gnu_lto/d'\'''
lt_cv_sys_global_symbol_to_c_name_address='sed -n -e '\''s/^: \([^ ]*\)[ ]*$/  {\"\1\", (void *) 0},/p'\'' -e '\''s/^[ABCDGIRSTW]* \([^ ]*\) \([^ ]*\)$/  {"\2", (void *) \&\2},/p'\'''
lt_cv_sys_global_symbol_to_c_name_address_lib_prefix='sed -n -e '\''s/^: \([^ ]*\)[ ]*$/  {\"\1\", (void *) 0},/p'\'' -e '\''s/^[ABCDGIRSTW]* \([^ ]*\) \(lib[^ ]*\)$/  {"\2", (void *) \&\2},/p'\'' -e '\''s/^[ABCDGIRSTW]* \([^ ]*\) \([^ ]*\)$/  {"lib\2", (void *) \&\2},/p'\'''
lt_cv_sys_global_symbol_to_cdecl='sed -n -e '\''s/^T .* \(.*\)$/extern int \1();/p'\'' -e '\''s/^[ABCDGIRSTW]* .* \(.*\)$/extern char \1;/p'\'''
lt_cv_sys_max_cmd_len=8192
lt_cv_to_host_file_cmd=func_convert_file_msys_to_w32
lt_cv_to_tool_file_cmd=func_convert_file_msys_to_w32

## ----------------- ##
## Output variables. ##
## ----------------- ##

ACLOCAL='${SHELL} /c/Droidz-V3/src/secp256k1/build-aux/missing --run aclocal-1.11'
AMDEPBACKSLASH='\'
AMDEP_FALSE='#'
AMDEP_TRUE=''
AMTAR='${SHELL} /c/Droidz-V3/src/secp256k1/build-aux/missing --run tar'
AM_BACKSLASH='\'
AM_DEFAULT_VERBOSITY='0'
AR='/mingw/bin/ar'
AUTOCONF='${SHELL} /c/Droidz-V3/src/secp256k1/build-aux/missing --run autoconf'
AUTOHEADER='${SHELL} /c/Droidz-V3/src/secp256k1/build-aux/missing --run autoheader'
AUTOMAKE='${SHELL} /c/Droidz-V3/src/secp256k1/build-aux/missing --run automake-1.11'
AWK='gawk'
BREW=''
BUILD_EXEEXT=''
BUILD_OBJEXT=''
CC='gcc'
CCDEPMODE='depmode=gcc3'
CC_FOR_BUILD='gcc'
CC_FOR_BUILDDEPMODE='depmode=gcc3'
CFLAGS='-g -O2 -W -std=c89 -pedantic -Wall -Wextra -Wcast-align -Wnested-externs -Wshadow -Wstrict-prototypes -Wno-unused-function -Wno-long-long -Wno-overlength-strings -fvisibility=hidden'
CFLAGS_FOR_BUILD='-g -O2'
CPP='gcc -E'
CPPFLAGS=''
CPPFLAGS_FOR_BUILD=''
CPP_FOR_BUILD='gcc -E'
CYGPATH_W='echo'
DEFS='-DHAVE_CONFIG_H'
DEPDIR='.deps'
DLLTOOL='dlltool'
DSYMUTIL=''
DUMPBIN=''
ECHO_C=''
ECHO_N='-n'
ECHO_T=''
EGREP='/bin/grep -E'
ENABLE_MODULE_ECDH_FALSE=''
ENABLE_MODULE_ECDH_TRUE='#'
ENABLE_MODULE_RECOVERY_FALSE=''
ENABLE_MODULE_RECOVERY_TRUE='#'
ENABLE_MODULE_SCHNORR_FALSE=''
ENABLE_MODULE_SCHNORR_TRUE='#'
EXEEXT='.exe'
FGREP='/bin/grep -F'
GREP='/bin/grep'
INSTALL_DATA='${INSTALL} -m 644'
INSTALL_PROGRAM='${INSTALL}'
INSTALL_SCRIPT='${INSTALL}'
INSTALL_STRIP_PROGRAM='$(install_sh) -c -s'
LD='c:/mingw/i686-w64-mingw32/bin/ld.exe'
LDFLAGS=''
LDFLAGS_FOR_BUILD=''
LIBOBJS=''
LIBS=''
LIBTOOL='$(SHELL) $(top_builddir)/libtool'
LIPO=''
LN_S='cp -p'
LTLIBOBJS=''
MAKEINFO='${SHELL} /c/Droidz-V3/src/secp256k1/build-aux/missing --run makeinfo'
MANIFEST_TOOL=':'
MKDIR_P='/bin/mkdir -p'
NM='/mingw/bin/nm'
NMEDIT=''
OBJDUMP='objdump'
OBJEXT='o'
OTOOL64=''
OTOOL=''
PACKAGE='libsecp256k1'
PACKAGE_BUGREPORT=''
PACKAGE_NAME='libsecp256k1'
PACKAGE_STRING='libsecp256k1 0.1'
PACKAGE_TARNAME='libsecp256k1'
PACKAGE_URL=''
PACKAGE_VERSION='0.1'
PATH_SEPARATOR=':'
PORT=''
RANLIB='/mingw/bin/ranlib'
SECP_INCLUDES=''
SECP_LIBS=''
SECP_TEST_INCLUDES=''
SECP_TEST_LIBS=''
SED='/bin/sed'
SET_MAKE=''
SHELL='/bin/sh'
STRIP='/mingw/bin/strip'
USE_BENCHMARK_FALSE=''
USE_BENCHMARK_TRUE='#'
USE_ECMULT_STATIC_PRECOMPUTATION_FALSE='#'
USE_ECMULT_STATIC_PRECOMPUTATION_TRUE=''
USE_TESTS_FALSE='#'
USE_TESTS_TRUE=''
VERSION='0.1'
ac_ct_AR='ar'
ac_ct_CC='gcc'
ac_ct_CC_FOR_BUILD='gcc'
ac_ct_DUMPBIN=''
am__EXEEXT_FALSE='#'
am__EXEEXT_TRUE=''
am__fastdepCC_FALSE='#'
am__fastdepCC_FOR_BUILD_FALSE='#'
am__fastdepCC_FOR_BUILD_TRUE=''
am__fastdepCC_TRUE=''
am__include='include'
am__isrc=''
am__leading_dot='.'
am__quote=''
am__tar='${AMTAR} chof - "$$tardir"'
am__untar='${AMTAR} xf -'
bindir='${exec_prefix}/bin'
build='i686-pc-mingw32'
build_alias=''
build_cpu='i686'
build_os='mingw32'
build_vendor='pc'
datadir='${datarootdir}'
datarootdir='${prefix}/share'
docdir='${datarootdir}/doc/${PACKAGE_TARNAME}'
dvidir='${docdir}'
exec_prefix='${prefix}'
host='i686-pc-mingw32'
host_alias=''
host_cpu='i686'
host_os='mingw32'
host_vendor='pc'
htmldir='${docdir}'
includedir='${prefix}/include'
infodir='${datarootdir}/info'
install_sh='${SHELL} /c/Droidz-V3/src/secp256k1/build-aux/install-sh'
libdir='${exec_prefix}/lib'
libexecdir='${exec_prefix}/libexec'
localedir='${datarootdir}/locale'
localstatedir='${prefix}/var'
mandir='${datarootdir}/man'
mkdir_p='/bin/mkdir -p'
oldincludedir='/usr/include'
pdfdir='${docdir}'
prefix='/usr/local'
program_transform_name='s,x,x,'
psdir='${docdir}'
sbindir='${exec_prefix}/sbin'
sharedstatedir='${prefix}/com'
sysconfdir='${prefix}/etc'
target_alias=''

## ----------- ##
## confdefs.h. ##
## ----------- ##

/* confdefs.h */
#define PACKAGE_NAME "libsecp256k1"
#define PACKAGE_TARNAME "libsecp256k1"
#define PACKAGE_VERSION "0.1"
#define PACKAGE_STRING "libsecp256k1 0.1"
#define PACKAGE_BUGREPORT ""
#define PACKAGE_URL ""
#define PACKAGE "libsecp256k1"
#define VERSION "0.1"
#define STDC_HEADERS 1
#define HAVE_SYS_TYPES_H 1
#define HAVE_SYS_STAT_H 1
#define HAVE_STDLIB_H 1
#define HAVE_STRING_H 1
#define HAVE_MEMORY_H 1
#define HAVE_STRINGS_H 1
#define HAVE_INTTYPES_H 1
#define HAVE_STDINT_H 1
#define HAVE_UNISTD_H 1
#define LT_OBJDIR ".libs/"
#define HAVE_BUILTIN_EXPECT 1
#define USE_FIELD_10X26 1
#define USE_NUM_NONE 1
#define USE_FIELD_INV_BUILTIN 1
#define USE_SCALAR_INV_BUILTIN 1
#define USE_SCALAR_8X32 1
#define USE_ECMULT_STATIC_PRECOMPUTATION 1

configure: exit 0
